Using pre-set license
Built from '2020.3/staging' branch; Version is '2020.3.29f1 (2ff179115da0) revision 3142009'; Using compiler version '192528614'; Build Type 'Release'
OS: 'Windows 10  (10.0.19043) 64bit Core' Language: 'en' Physical Memory: 65451 MB
BatchMode: 1, IsHumanControllingUs: 0, StartBugReporterOnCrash: 0, Is64bit: 1, IsPro: 0

COMMAND LINE ARGUMENTS:
C:\Program Files\Unity\Hub\Editor\2020.3.29f1\Editor\Unity.exe
-adb2
-batchMode
-noUpm
-name
AssetImportWorker0
-projectPath
C:/Users/Davin/The Haptic Dojo
-logFile
Logs/AssetImportWorker0.log
-srvPort
55060
Successfully changed project path to: C:/Users/Davin/The Haptic Dojo
C:/Users/Davin/The Haptic Dojo
Using Asset Import Pipeline V2.
Refreshing native plugins compatible for Editor in 105.00 ms, found 10 plugins.
Preloading 1 native plugins for Editor in 1.44 ms.
Initialize engine version: 2020.3.29f1 (2ff179115da0)
[Subsystems] Discovering subsystems at path C:/Program Files/Unity/Hub/Editor/2020.3.29f1/Editor/Data/Resources/UnitySubsystems
[Subsystems] Discovering subsystems at path C:/Users/Davin/The Haptic Dojo/Assets
GfxDevice: creating device client; threaded=0
Direct3D:
    Version:  Direct3D 11.0 [level 11.1]
    Renderer: NVIDIA GeForce RTX 3070 (ID=0x2484)
    Vendor:   
    VRAM:     8043 MB
    Driver:   27.21.14.6611
Initialize mono
Mono path[0] = 'C:/Program Files/Unity/Hub/Editor/2020.3.29f1/Editor/Data/Managed'
Mono path[1] = 'C:/Program Files/Unity/Hub/Editor/2020.3.29f1/Editor/Data/MonoBleedingEdge/lib/mono/unityjit'
Mono config path = 'C:/Program Files/Unity/Hub/Editor/2020.3.29f1/Editor/Data/MonoBleedingEdge/etc'
Using monoOptions --debugger-agent=transport=dt_socket,embedding=1,server=y,suspend=n,address=127.0.0.1:56264
Begin MonoManager ReloadAssembly
Registering precompiled unity dll's ...
Register platform support module: C:/Program Files/Unity/Hub/Editor/2020.3.29f1/Editor/Data/PlaybackEngines/WebGLSupport/UnityEditor.WebGL.Extensions.dll
Register platform support module: C:/Program Files/Unity/Hub/Editor/2020.3.29f1/Editor/Data/PlaybackEngines/WindowsStandaloneSupport/UnityEditor.WindowsStandalone.Extensions.dll
Registered in 0.003514 seconds.
Native extension for WindowsStandalone target not found
Native extension for WebGL target not found
Refreshing native plugins compatible for Editor in 101.51 ms, found 10 plugins.
Preloading 1 native plugins for Editor in 0.13 ms.
Mono: successfully reloaded assembly
- Completed reload, in  0.632 seconds
Domain Reload Profiling:
	ReloadAssembly (632ms)
		BeginReloadAssembly (85ms)
			ExecutionOrderSort (0ms)
			DisableScriptedObjects (0ms)
			BackupInstance (0ms)
			ReleaseScriptingObjects (0ms)
			CreateAndSetChildDomain (1ms)
		EndReloadAssembly (472ms)
			LoadAssemblies (84ms)
			RebuildTransferFunctionScriptingTraits (0ms)
			SetupTypeCache (138ms)
			ReleaseScriptCaches (0ms)
			RebuildScriptCaches (25ms)
			SetupLoadedEditorAssemblies (218ms)
				LogAssemblyErrors (0ms)
				InitializePlatformSupportModulesInManaged (6ms)
				SetLoadedEditorAssemblies (0ms)
				RefreshPlugins (102ms)
				BeforeProcessingInitializeOnLoad (7ms)
				ProcessInitializeOnLoadAttributes (78ms)
				ProcessInitializeOnLoadMethodAttributes (25ms)
				AfterProcessingInitializeOnLoad (0ms)
				EditorAssembliesLoaded (0ms)
			ExecutionOrderSort2 (0ms)
			AwakeInstancesAfterBackupRestoration (0ms)
Platform modules already initialized, skipping
Registering precompiled user dll's ...
Registered in 0.015090 seconds.
Begin MonoManager ReloadAssembly
Native extension for WindowsStandalone target not found
Native extension for WebGL target not found
Refreshing native plugins compatible for Editor in 87.51 ms, found 10 plugins.
Preloading 1 native plugins for Editor in 0.11 ms.
[XR] OculusXRPlugin: registering subsystems
[XR] Unable to register display lifecyle provider: [1]
[XR] Oculus Input lifecycle provider registered.
[XR] Unable to register input lifecyle provider: [1]
System.Reflection.TargetInvocationException: Exception has been thrown by the target of an invocation. ---> System.NullReferenceException: Object reference not set to an instance of an object
  at Unity.XR.Oculus.OculusLoader.AssetPathToAbsolutePath (System.String assetPath) [0x00048] in C:\Users\Davin\The Haptic Dojo\Library\PackageCache\com.unity.xr.oculus@1.10.0\Runtime\OculusLoader.cs:250 
  at Unity.XR.Oculus.OculusLoader.EditorLoadOVRPlugin () [0x0007b] in C:\Users\Davin\The Haptic Dojo\Library\PackageCache\com.unity.xr.oculus@1.10.0\Runtime\OculusLoader.cs:235 
  at (wrapper managed-to-native) System.Reflection.MonoMethod.InternalInvoke(System.Reflection.MonoMethod,object,object[],System.Exception&)
  at System.Reflection.MonoMethod.Invoke (System.Object obj, System.Reflection.BindingFlags invokeAttr, System.Reflection.Binder binder, System.Object[] parameters, System.Globalization.CultureInfo culture) [0x00032] in <695d1cc93cca45069c528c15c9fdd749>:0 
   --- End of inner exception stack trace ---
  at System.Reflection.MonoMethod.Invoke (System.Object obj, System.Reflection.BindingFlags invokeAttr, System.Reflection.Binder binder, System.Object[] parameters, System.Globalization.CultureInfo culture) [0x00048] in <695d1cc93cca45069c528c15c9fdd749>:0 
  at System.Reflection.MethodBase.Invoke (System.Object obj, System.Object[] parameters) [0x00000] in <695d1cc93cca45069c528c15c9fdd749>:0 
  at UnityEditor.EditorAssemblies.ProcessInitializeOnLoadMethodAttributes () [0x00047] in <7ebb9dc74040436998557fc331a964ba>:0 
UnityEngine.StackTraceUtility:ExtractStackTrace ()
UnityEngine.DebugLogHandler:LogFormat (UnityEngine.LogType,UnityEngine.Object,string,object[])
UnityEngine.Logger:Log (UnityEngine.LogType,object)
UnityEngine.Debug:LogError (object)
UnityEditor.EditorAssemblies:ProcessInitializeOnLoadMethodAttributes ()

Mono: successfully reloaded assembly
- Completed reload, in  1.380 seconds
Domain Reload Profiling:
	ReloadAssembly (1382ms)
		BeginReloadAssembly (167ms)
			ExecutionOrderSort (0ms)
			DisableScriptedObjects (4ms)
			BackupInstance (0ms)
			ReleaseScriptingObjects (0ms)
			CreateAndSetChildDomain (18ms)
		EndReloadAssembly (1149ms)
			LoadAssemblies (143ms)
			RebuildTransferFunctionScriptingTraits (0ms)
			SetupTypeCache (355ms)
			ReleaseScriptCaches (1ms)
			RebuildScriptCaches (76ms)
			SetupLoadedEditorAssemblies (493ms)
				LogAssemblyErrors (0ms)
				InitializePlatformSupportModulesInManaged (4ms)
				SetLoadedEditorAssemblies (0ms)
				RefreshPlugins (88ms)
				BeforeProcessingInitializeOnLoad (107ms)
				ProcessInitializeOnLoadAttributes (264ms)
				ProcessInitializeOnLoadMethodAttributes (21ms)
				AfterProcessingInitializeOnLoad (9ms)
				EditorAssembliesLoaded (0ms)
			ExecutionOrderSort2 (0ms)
			AwakeInstancesAfterBackupRestoration (4ms)
Platform modules already initialized, skipping
========================================================================
Worker process is ready to serve import requests
Launched and connected shader compiler UnityShaderCompiler.exe after 0.05 seconds
Refreshing native plugins compatible for Editor in 1.24 ms, found 10 plugins.
Preloading 1 native plugins for Editor in 0.12 ms.
Unloading 4269 Unused Serialized files (Serialized files now loaded: 0)
System memory in use before: 178.5 MB.
System memory in use after: 178.7 MB.

Unloading 39 unused Assets to reduce memory usage. Loaded Objects now: 4711.
Total: 4.226600 ms (FindLiveObjects: 0.418100 ms CreateObjectMapping: 0.105000 ms MarkObjects: 3.599000 ms  DeleteObjects: 0.103400 ms)

AssetImportParameters requested are different than current active one (requested -> active):
  custom:framework-win-MediaFoundation: 216162199b28c13a410421893ffa2e32 -> 
  custom:video-decoder-ogg-theora: a1e56fd34408186e4bbccfd4996cb3dc -> 
  custom:container-muxer-webm: aa71ff27fc2769a1b78a27578f13a17b -> 
  custom:container-demuxer-webm: 4f35f7cbe854078d1ac9338744f61a02 -> 
  custom:container-demuxer-ogg: 62fdf1f143b41e24485cea50d1cbac27 -> 
  custom:video-encoder-webm-vp8: eb34c28f22e8b96e1ab97ce403110664 -> 
  custom:video-decoder-webm-vp8: 9c59270c3fd7afecdb556c50c9e8de78 -> 
  custom:audio-decoder-ogg-vorbis: bf7c407c2cedff20999df2af8eb42d56 -> 
  custom:audio-encoder-webm-vorbis: bf7c407c2cedff20999df2af8eb42d56 -> 
========================================================================
Received Import Request.
  path: Assets/Katana
  artifactKey: Guid(2ba9f8af783ef824c8c7e3622b6736e2) Importer(815301076,1909f56bfc062723c751e8b465ee728b)
Start importing Assets/Katana using Guid(2ba9f8af783ef824c8c7e3622b6736e2) Importer(815301076,1909f56bfc062723c751e8b465ee728b)  -> (artifact id: '5d63cf9ee8736d7e8ee5f4fe2ca9c8d8') in 0.011015 seconds 
  Import took 0.017329 seconds .

========================================================================
Received Import Request.
  Time since last request: 19.132841 seconds.
  path: Assets/SwordHaptics.cs
  artifactKey: Guid(99c36ca3625b5f44d8158ac1c8af7e64) Importer(815301076,1909f56bfc062723c751e8b465ee728b)
Start importing Assets/SwordHaptics.cs using Guid(99c36ca3625b5f44d8158ac1c8af7e64) Importer(815301076,1909f56bfc062723c751e8b465ee728b)  -> (artifact id: '76585d9f317ba30abdfeffd3b9b664bd') in 0.033808 seconds 
  Import took 0.040174 seconds .

========================================================================
Received Import Request.
  Time since last request: 4979.548379 seconds.
  path: Assets/SwordHaptics.cs
  artifactKey: Guid(99c36ca3625b5f44d8158ac1c8af7e64) Importer(815301076,1909f56bfc062723c751e8b465ee728b)
Start importing Assets/SwordHaptics.cs using Guid(99c36ca3625b5f44d8158ac1c8af7e64) Importer(815301076,1909f56bfc062723c751e8b465ee728b)  -> (artifact id: 'fc61f2b089f8260764cc701133617589') in 0.004154 seconds 
  Import took 0.011405 seconds .

========================================================================
Received Import Request.
  Time since last request: 29.145598 seconds.
  path: Assets/SwordHapticsL.cs
  artifactKey: Guid(d182c37991e24a84db1e52a72153edb6) Importer(815301076,1909f56bfc062723c751e8b465ee728b)
Start importing Assets/SwordHapticsL.cs using Guid(d182c37991e24a84db1e52a72153edb6) Importer(815301076,1909f56bfc062723c751e8b465ee728b)  -> (artifact id: '5299f85ba26ab7e7400939636755796b') in 0.004678 seconds 
  Import took 0.011322 seconds .

========================================================================
Received Import Request.
  Time since last request: 229.402440 seconds.
  path: Assets/SwordHapticsL.cs
  artifactKey: Guid(d182c37991e24a84db1e52a72153edb6) Importer(815301076,1909f56bfc062723c751e8b465ee728b)
Start importing Assets/SwordHapticsL.cs using Guid(d182c37991e24a84db1e52a72153edb6) Importer(815301076,1909f56bfc062723c751e8b465ee728b)  -> (artifact id: '1ddae5eb9434e6afd900cd198b539a49') in 0.004158 seconds 
  Import took 0.010670 seconds .

========================================================================
Received Import Request.
  Time since last request: 49.867893 seconds.
  path: Assets/SwordHapticsL.cs
  artifactKey: Guid(d182c37991e24a84db1e52a72153edb6) Importer(815301076,1909f56bfc062723c751e8b465ee728b)
Start importing Assets/SwordHapticsL.cs using Guid(d182c37991e24a84db1e52a72153edb6) Importer(815301076,1909f56bfc062723c751e8b465ee728b)  -> (artifact id: '29715d5978f7d191edace32ae18d8080') in 0.004729 seconds 
  Import took 0.011618 seconds .

========================================================================
Received Import Request.
  Time since last request: 192.047349 seconds.
  path: Assets/LSwordHaptics.cs
  artifactKey: Guid(b2bdc6d8a9188244bb9eb021184bac3b) Importer(815301076,1909f56bfc062723c751e8b465ee728b)
Start importing Assets/LSwordHaptics.cs using Guid(b2bdc6d8a9188244bb9eb021184bac3b) Importer(815301076,1909f56bfc062723c751e8b465ee728b)  -> (artifact id: 'f1d5c22796533f837970eef5363cd68a') in 0.005048 seconds 
  Import took 0.011859 seconds .

========================================================================
Received Import Request.
  Time since last request: 975.963575 seconds.
  path: Assets/VR Beginner/Models/BookBlue.fbx
  artifactKey: Guid(3997bb47d750c6b43a45ffbe9a805fde) Importer(815301076,1909f56bfc062723c751e8b465ee728b)
Start importing Assets/VR Beginner/Models/BookBlue.fbx using Guid(3997bb47d750c6b43a45ffbe9a805fde) Importer(815301076,1909f56bfc062723c751e8b465ee728b)  -> (artifact id: '7f98cc156bf81d400073fd82a31eaf33') in 0.685216 seconds 
  Import took 0.692367 seconds .

========================================================================
Received Import Request.
  Time since last request: 0.000360 seconds.
  path: Assets/VR Beginner/Models/InstructionsIngredients.fbx
  artifactKey: Guid(b4a4f7336e1f91c40897a521e35cdc28) Importer(815301076,1909f56bfc062723c751e8b465ee728b)
Start importing Assets/VR Beginner/Models/InstructionsIngredients.fbx using Guid(b4a4f7336e1f91c40897a521e35cdc28) Importer(815301076,1909f56bfc062723c751e8b465ee728b)  -> (artifact id: '7424762b00f2343ad4c6056716df4fcc') in 0.268326 seconds 
  Import took 0.275182 seconds .

========================================================================
Received Import Request.
  Time since last request: 0.000351 seconds.
  path: Assets/VR Beginner/Models/Sky.fbx
  artifactKey: Guid(ce04847d5a61cd54eaea6b660f6516ea) Importer(815301076,1909f56bfc062723c751e8b465ee728b)
Start importing Assets/VR Beginner/Models/Sky.fbx using Guid(ce04847d5a61cd54eaea6b660f6516ea) Importer(815301076,1909f56bfc062723c751e8b465ee728b)  -> (artifact id: '2ba719c670c97580a920b2baef2a612c') in 0.034708 seconds 
  Import took 0.041599 seconds .

========================================================================
Received Import Request.
  Time since last request: 0.000453 seconds.
  path: Assets/VR Beginner/Models/BookHolder.fbx
  artifactKey: Guid(899596d67b24e29409c04c7f8a5f63be) Importer(815301076,1909f56bfc062723c751e8b465ee728b)
Start importing Assets/VR Beginner/Models/BookHolder.fbx using Guid(899596d67b24e29409c04c7f8a5f63be) Importer(815301076,1909f56bfc062723c751e8b465ee728b)  -> (artifact id: '85b656244b88721d2977451e8230bfc5') in 0.031597 seconds 
  Import took 0.038576 seconds .

========================================================================
Received Import Request.
  Time since last request: 0.000392 seconds.
  path: Assets/VR Beginner/Models/BookRed.fbx
  artifactKey: Guid(f0e429f9867e60a4bb625920c1d9a937) Importer(815301076,1909f56bfc062723c751e8b465ee728b)
Start importing Assets/VR Beginner/Models/BookRed.fbx using Guid(f0e429f9867e60a4bb625920c1d9a937) Importer(815301076,1909f56bfc062723c751e8b465ee728b)  -> (artifact id: '6d566efa2aa3347d7bbe31eb00d77040') in 0.021690 seconds 
  Import took 0.028137 seconds .

========================================================================
Received Import Request.
  Time since last request: 0.000302 seconds.
  path: Assets/VR Beginner/Models/painting2.fbx
  artifactKey: Guid(92a6901ab5c02e545a4a40fdfa767f56) Importer(815301076,1909f56bfc062723c751e8b465ee728b)
Start importing Assets/VR Beginner/Models/painting2.fbx using Guid(92a6901ab5c02e545a4a40fdfa767f56) Importer(815301076,1909f56bfc062723c751e8b465ee728b)  -> (artifact id: '3e45319e8a77a48b5760f2317229a9d6') in 0.021987 seconds 
  Import took 0.027606 seconds .

========================================================================
Received Import Request.
  Time since last request: 0.000307 seconds.
  path: Assets/VR Beginner/Models/CauldronPipe.fbx
  artifactKey: Guid(ad77cbe223d0f5e459175facc032b464) Importer(815301076,1909f56bfc062723c751e8b465ee728b)
Start importing Assets/VR Beginner/Models/CauldronPipe.fbx using Guid(ad77cbe223d0f5e459175facc032b464) Importer(815301076,1909f56bfc062723c751e8b465ee728b)  -> (artifact id: '37c40847a9c62ace4a157d5f94795b9d') in 0.028563 seconds 
  Import took 0.034660 seconds .

========================================================================
Received Import Request.
  Time since last request: 0.000320 seconds.
  path: Assets/VR Beginner/Models/Mug.fbx
  artifactKey: Guid(48224b9cb16db6e4e8e4b237da1f56e8) Importer(815301076,1909f56bfc062723c751e8b465ee728b)
Start importing Assets/VR Beginner/Models/Mug.fbx using Guid(48224b9cb16db6e4e8e4b237da1f56e8) Importer(815301076,1909f56bfc062723c751e8b465ee728b)  -> (artifact id: '64cddfe6beacb8778aa2d876440ef378') in 0.030900 seconds 
  Import took 0.037648 seconds .

========================================================================
Received Import Request.
  Time since last request: 0.000414 seconds.
  path: Assets/VR Beginner/Models/BookVanilla.fbx
  artifactKey: Guid(bf943320b75f4c7459c045b229d3f6bb) Importer(815301076,1909f56bfc062723c751e8b465ee728b)
Start importing Assets/VR Beginner/Models/BookVanilla.fbx using Guid(bf943320b75f4c7459c045b229d3f6bb) Importer(815301076,1909f56bfc062723c751e8b465ee728b)  -> (artifact id: '16d00b2dc30548233c483c47ebf49bf2') in 0.022620 seconds 
  Import took 0.029882 seconds .

========================================================================
Received Import Request.
  Time since last request: 0.000311 seconds.
  path: Assets/VR Beginner/Models/ghostToy.fbx
  artifactKey: Guid(82b96c091c6d92646ba83061cbc72d1a) Importer(815301076,1909f56bfc062723c751e8b465ee728b)
Start importing Assets/VR Beginner/Models/ghostToy.fbx using Guid(82b96c091c6d92646ba83061cbc72d1a) Importer(815301076,1909f56bfc062723c751e8b465ee728b)  -> (artifact id: '504070d6ee6d19f73878901192b24707') in 0.024778 seconds 
  Import took 0.031464 seconds .

========================================================================
Received Import Request.
  Time since last request: 0.000452 seconds.
  path: Assets/VR Beginner/Models/Drill.fbx
  artifactKey: Guid(963e50f2b6db01e459d04a2d82fe465b) Importer(815301076,1909f56bfc062723c751e8b465ee728b)
Start importing Assets/VR Beginner/Models/Drill.fbx using Guid(963e50f2b6db01e459d04a2d82fe465b) Importer(815301076,1909f56bfc062723c751e8b465ee728b)  -> (artifact id: '5fe2d78f0037bfd65aa723cb8cab3224') in 0.027855 seconds 
  Import took 0.034879 seconds .

========================================================================
Received Import Request.
  Time since last request: 0.000307 seconds.
  path: Assets/VR Beginner/Models/Hourglass.FBX
  artifactKey: Guid(6d653f30066e8f746965a303d0776256) Importer(815301076,1909f56bfc062723c751e8b465ee728b)
Start importing Assets/VR Beginner/Models/Hourglass.FBX using Guid(6d653f30066e8f746965a303d0776256) Importer(815301076,1909f56bfc062723c751e8b465ee728b)  -> (artifact id: 'b575055e2b31ed99420999f6f8f93af1') in 0.075072 seconds 
  Import took 0.081725 seconds .

========================================================================
Received Import Request.
  Time since last request: 0.000389 seconds.
  path: Assets/VR Beginner/Models/PotionBottle1.FBX
  artifactKey: Guid(a795a3a3f0cabd645bcc05e4caa8df92) Importer(815301076,1909f56bfc062723c751e8b465ee728b)
Start importing Assets/VR Beginner/Models/PotionBottle1.FBX using Guid(a795a3a3f0cabd645bcc05e4caa8df92) Importer(815301076,1909f56bfc062723c751e8b465ee728b)  -> (artifact id: '19aac0557597682657aa23401ae70a88') in 1.054157 seconds 
  Import took 1.061640 seconds .

========================================================================
Received Import Request.
  Time since last request: 0.000420 seconds.
  path: Assets/VR Beginner/Models/PumpkingPicture.fbx
  artifactKey: Guid(99060b5187e8c494999855d830133e53) Importer(815301076,1909f56bfc062723c751e8b465ee728b)
Start importing Assets/VR Beginner/Models/PumpkingPicture.fbx using Guid(99060b5187e8c494999855d830133e53) Importer(815301076,1909f56bfc062723c751e8b465ee728b)  -> (artifact id: '6a5651b5092cde032d2ca8a8cc5b4868') in 0.028163 seconds 
  Import took 0.035107 seconds .

========================================================================
Received Import Request.
  Time since last request: 0.000315 seconds.
  path: Assets/VR Beginner/Models/Wand.fbx
  artifactKey: Guid(5767d7915f9eadb48ac35b424d6a59c1) Importer(815301076,1909f56bfc062723c751e8b465ee728b)
Start importing Assets/VR Beginner/Models/Wand.fbx using Guid(5767d7915f9eadb48ac35b424d6a59c1) Importer(815301076,1909f56bfc062723c751e8b465ee728b)  -> (artifact id: 'f95abaadfab4b780f4a57dfeabe7c2cd') in 0.022743 seconds 
  Import took 0.029414 seconds .

========================================================================
Received Import Request.
  Time since last request: 0.000398 seconds.
  path: Assets/VR Beginner/Models/Radio.FBX
  artifactKey: Guid(6cf01a2728405b142859ffd2796ff3b8) Importer(815301076,1909f56bfc062723c751e8b465ee728b)
Start importing Assets/VR Beginner/Models/Radio.FBX using Guid(6cf01a2728405b142859ffd2796ff3b8) Importer(815301076,1909f56bfc062723c751e8b465ee728b)  -> (artifact id: '470ea2177cf3f128c9b0e37ea469d874') in 0.052581 seconds 
  Import took 0.059422 seconds .

========================================================================
Received Import Request.
  Time since last request: 0.000354 seconds.
  path: Assets/VR Beginner/Models/MetalPipe.fbx
  artifactKey: Guid(0a8b150a8c98bd243960dcfc107d25bf) Importer(815301076,1909f56bfc062723c751e8b465ee728b)
Start importing Assets/VR Beginner/Models/MetalPipe.fbx using Guid(0a8b150a8c98bd243960dcfc107d25bf) Importer(815301076,1909f56bfc062723c751e8b465ee728b)  -> (artifact id: '34293cc511837c410890da2d958cb211') in 0.028852 seconds 
  Import took 0.035643 seconds .

========================================================================
Received Import Request.
  Time since last request: 0.000278 seconds.
  path: Assets/VR Beginner/Models/ExitDoor.fbx
  artifactKey: Guid(9e19df0f58a75e94c94e163777b11ba1) Importer(815301076,1909f56bfc062723c751e8b465ee728b)
Start importing Assets/VR Beginner/Models/ExitDoor.fbx using Guid(9e19df0f58a75e94c94e163777b11ba1) Importer(815301076,1909f56bfc062723c751e8b465ee728b)  -> (artifact id: 'b8376fe173771dc304d4fc9dffd54dc2') in 0.033397 seconds 
  Import took 0.039797 seconds .

========================================================================
Received Import Request.
  Time since last request: 0.000488 seconds.
  path: Assets/VR Beginner/Models/WoodenLog.fbx
  artifactKey: Guid(514c05e59d36d8f4ba0f0a9c80f0ef2e) Importer(815301076,1909f56bfc062723c751e8b465ee728b)
Start importing Assets/VR Beginner/Models/WoodenLog.fbx using Guid(514c05e59d36d8f4ba0f0a9c80f0ef2e) Importer(815301076,1909f56bfc062723c751e8b465ee728b)  -> (artifact id: '9b1adf8143fa9d7c562dbc84982fa4c5') in 0.027626 seconds 
  Import took 0.034353 seconds .

========================================================================
Received Import Request.
  Time since last request: 0.000395 seconds.
  path: Assets/VR Beginner/Models/ExitDoorParticleMesh.fbx
  artifactKey: Guid(8b74c2e2692e1ab41a0221c6380c24dd) Importer(815301076,1909f56bfc062723c751e8b465ee728b)
Start importing Assets/VR Beginner/Models/ExitDoorParticleMesh.fbx using Guid(8b74c2e2692e1ab41a0221c6380c24dd) Importer(815301076,1909f56bfc062723c751e8b465ee728b)  -> (artifact id: '8b240fa978ebdf3719d0cf4a1002145d') in 0.423171 seconds 
  Import took 0.429924 seconds .

========================================================================
Received Import Request.
  Time since last request: 0.000543 seconds.
  path: Assets/VR Beginner/Models/HandProto.fbx
  artifactKey: Guid(bf3939cad79ab9040bd9b59ee6829398) Importer(815301076,1909f56bfc062723c751e8b465ee728b)
Start importing Assets/VR Beginner/Models/HandProto.fbx using Guid(bf3939cad79ab9040bd9b59ee6829398) Importer(815301076,1909f56bfc062723c751e8b465ee728b)  -> (artifact id: '60892708327ca527852eb997cc259a7a') in 0.317946 seconds 
  Import took 0.325558 seconds .

========================================================================
Received Import Request.
  Time since last request: 0.000491 seconds.
  path: Assets/VR Beginner/Models/Trees.fbx
  artifactKey: Guid(924c2cf304aa51d469a902134ad8856d) Importer(815301076,1909f56bfc062723c751e8b465ee728b)
Start importing Assets/VR Beginner/Models/Trees.fbx using Guid(924c2cf304aa51d469a902134ad8856d) Importer(815301076,1909f56bfc062723c751e8b465ee728b)  -> (artifact id: '4c5e977ae5c0a48451b05b6fc5524f77') in 0.313657 seconds 
  Import took 0.320772 seconds .

========================================================================
Received Import Request.
  Time since last request: 0.000248 seconds.
  path: Assets/VR Beginner/Models/painting3.fbx
  artifactKey: Guid(5aff463ff3c15074188bc8e24c6da077) Importer(815301076,1909f56bfc062723c751e8b465ee728b)
Start importing Assets/VR Beginner/Models/painting3.fbx using Guid(5aff463ff3c15074188bc8e24c6da077) Importer(815301076,1909f56bfc062723c751e8b465ee728b)  -> (artifact id: 'cde2de529d5d38b32d0f1dee5e244f87') in 0.022014 seconds 
  Import took 0.028793 seconds .

========================================================================
Received Import Request.
  Time since last request: 0.000377 seconds.
  path: Assets/VR Beginner/Models/Thermostat.fbx
  artifactKey: Guid(e13ccf4a61408af4cb902275e5a5d161) Importer(815301076,1909f56bfc062723c751e8b465ee728b)
Start importing Assets/VR Beginner/Models/Thermostat.fbx using Guid(e13ccf4a61408af4cb902275e5a5d161) Importer(815301076,1909f56bfc062723c751e8b465ee728b)  -> (artifact id: 'cdd37dedb5133c64a566a97845e91cec') in 0.274091 seconds 
  Import took 0.280689 seconds .

========================================================================
Received Import Request.
  Time since last request: 0.000402 seconds.
  path: Assets/VR Beginner/Models/InstructionsOpenCauldron.fbx
  artifactKey: Guid(2d86c9f63947c9f4eaff594f63ab99b0) Importer(815301076,1909f56bfc062723c751e8b465ee728b)
Start importing Assets/VR Beginner/Models/InstructionsOpenCauldron.fbx using Guid(2d86c9f63947c9f4eaff594f63ab99b0) Importer(815301076,1909f56bfc062723c751e8b465ee728b)  -> (artifact id: 'a867e5533f0212c9724fc5e501e30292') in 0.021586 seconds 
  Import took 0.028133 seconds .

========================================================================
Received Import Request.
  Time since last request: 0.000392 seconds.
  path: Assets/VR Beginner/Models/Chest.fbx
  artifactKey: Guid(1dd0e976dcd6be9438665e568cab31ea) Importer(815301076,1909f56bfc062723c751e8b465ee728b)
Start importing Assets/VR Beginner/Models/Chest.fbx using Guid(1dd0e976dcd6be9438665e568cab31ea) Importer(815301076,1909f56bfc062723c751e8b465ee728b)  -> (artifact id: '224b5d5b2622a3e550d9c82fb78928d0') in 0.033068 seconds 
  Import took 0.039834 seconds .

========================================================================
Received Import Request.
  Time since last request: 0.000375 seconds.
  path: Assets/VR Beginner/Models/Cheese.FBX
  artifactKey: Guid(bd5c9c26ed82ab34db467c39d05ecbdc) Importer(815301076,1909f56bfc062723c751e8b465ee728b)
Start importing Assets/VR Beginner/Models/Cheese.FBX using Guid(bd5c9c26ed82ab34db467c39d05ecbdc) Importer(815301076,1909f56bfc062723c751e8b465ee728b)  -> (artifact id: 'fa6972a789ac229b00d9787203e617fe') in 0.021642 seconds 
  Import took 0.028713 seconds .

========================================================================
Received Import Request.
  Time since last request: 0.000413 seconds.
  path: Assets/VR Beginner/Models/Fusebox.FBX
  artifactKey: Guid(5bfaf6b7d0928674cbb4e5f3a5e29083) Importer(815301076,1909f56bfc062723c751e8b465ee728b)
Start importing Assets/VR Beginner/Models/Fusebox.FBX using Guid(5bfaf6b7d0928674cbb4e5f3a5e29083) Importer(815301076,1909f56bfc062723c751e8b465ee728b)  -> (artifact id: '108377c9e898a96a610246b591d2f4e5') in 0.041413 seconds 
  Import took 0.048963 seconds .

========================================================================
Received Import Request.
  Time since last request: 0.000410 seconds.
  path: Assets/VR Beginner/Models/PotionSpawner.fbx
  artifactKey: Guid(ba46ffcfc523c8b43bcc96762a43550d) Importer(815301076,1909f56bfc062723c751e8b465ee728b)
Start importing Assets/VR Beginner/Models/PotionSpawner.fbx using Guid(ba46ffcfc523c8b43bcc96762a43550d) Importer(815301076,1909f56bfc062723c751e8b465ee728b)  -> (artifact id: 'd4477bec9e574adca656cc08ded86e5c') in 0.029109 seconds 
  Import took 0.036407 seconds .

========================================================================
Received Import Request.
  Time since last request: 0.000372 seconds.
  path: Assets/VR Beginner/Models/Shelf.fbx
  artifactKey: Guid(cef9cad8e2e6aca41bfaacc4484c2b36) Importer(815301076,1909f56bfc062723c751e8b465ee728b)
Start importing Assets/VR Beginner/Models/Shelf.fbx using Guid(cef9cad8e2e6aca41bfaacc4484c2b36) Importer(815301076,1909f56bfc062723c751e8b465ee728b)  -> (artifact id: '0d2db792ea6d9bb12673867f16f338df') in 0.033914 seconds 
  Import took 0.041925 seconds .

========================================================================
Received Import Request.
  Time since last request: 0.000352 seconds.
  path: Assets/VR Beginner/Models/WitchHouse.fbx
  artifactKey: Guid(b46a848a5ea4d0f4d9784aaaff85e23a) Importer(815301076,1909f56bfc062723c751e8b465ee728b)
Start importing Assets/VR Beginner/Models/WitchHouse.fbx using Guid(b46a848a5ea4d0f4d9784aaaff85e23a) Importer(815301076,1909f56bfc062723c751e8b465ee728b)  -> (artifact id: 'f1e2c53d18ed75623380daac76fbc8d9') in 0.347340 seconds 
  Import took 0.354669 seconds .

========================================================================
Received Import Request.
  Time since last request: 0.000302 seconds.
  path: Assets/VR Beginner/Models/Toaster.fbx
  artifactKey: Guid(ceb05cd7b14eed644827add74f9edb54) Importer(815301076,1909f56bfc062723c751e8b465ee728b)
Start importing Assets/VR Beginner/Models/Toaster.fbx using Guid(ceb05cd7b14eed644827add74f9edb54) Importer(815301076,1909f56bfc062723c751e8b465ee728b)  -> (artifact id: '8082afef0254ef019d35b82ba3fbca6b') in 0.121428 seconds 
  Import took 0.128236 seconds .

========================================================================
Received Import Request.
  Time since last request: 0.000339 seconds.
  path: Assets/VR Beginner/Models/Wristwatch.fbx
  artifactKey: Guid(e1913292ecadc644e93488c1e3d216e3) Importer(815301076,1909f56bfc062723c751e8b465ee728b)
Start importing Assets/VR Beginner/Models/Wristwatch.fbx using Guid(e1913292ecadc644e93488c1e3d216e3) Importer(815301076,1909f56bfc062723c751e8b465ee728b)  -> (artifact id: 'a98467b208628a7de6a4585386f1aaaa') in 0.055549 seconds 
  Import took 0.062471 seconds .

========================================================================
Received Import Request.
  Time since last request: 0.000298 seconds.
  path: Assets/VR Beginner/Models/DevilTotem.fbx
  artifactKey: Guid(1821071dd69db7641a890e3392d28503) Importer(815301076,1909f56bfc062723c751e8b465ee728b)
Start importing Assets/VR Beginner/Models/DevilTotem.fbx using Guid(1821071dd69db7641a890e3392d28503) Importer(815301076,1909f56bfc062723c751e8b465ee728b)  -> (artifact id: 'fd329024acf717bc41f43b2c6cd77c61') in 0.028728 seconds 
  Import took 0.035316 seconds .

========================================================================
Received Import Request.
  Time since last request: 0.000352 seconds.
  path: Assets/VR Beginner/Models/InstructionsGrabAndBook.fbx
  artifactKey: Guid(dcaeb88f6d06ff149abbb96a2471495e) Importer(815301076,1909f56bfc062723c751e8b465ee728b)
Start importing Assets/VR Beginner/Models/InstructionsGrabAndBook.fbx using Guid(dcaeb88f6d06ff149abbb96a2471495e) Importer(815301076,1909f56bfc062723c751e8b465ee728b)  -> (artifact id: '3aaa48b1e875d4a33aea9699e01512bb') in 0.038263 seconds 
  Import took 0.044122 seconds .

========================================================================
Received Import Request.
  Time since last request: 0.000357 seconds.
  path: Assets/VR Beginner/Models/BookNavy.fbx
  artifactKey: Guid(da46f27ebeb7d3947b9497ee161a31ed) Importer(815301076,1909f56bfc062723c751e8b465ee728b)
Start importing Assets/VR Beginner/Models/BookNavy.fbx using Guid(da46f27ebeb7d3947b9497ee161a31ed) Importer(815301076,1909f56bfc062723c751e8b465ee728b)  -> (artifact id: 'aed950faa71b38c8e60a9f3d7a00bf4f') in 0.021645 seconds 
  Import took 0.028280 seconds .

========================================================================
Received Import Request.
  Time since last request: 0.000360 seconds.
  path: Assets/VR Beginner/Models/BookGreen.fbx
  artifactKey: Guid(8bf410868a62ffd49834417a557e760c) Importer(815301076,1909f56bfc062723c751e8b465ee728b)
Start importing Assets/VR Beginner/Models/BookGreen.fbx using Guid(8bf410868a62ffd49834417a557e760c) Importer(815301076,1909f56bfc062723c751e8b465ee728b)  -> (artifact id: '56c0bb7b08171f14ba101017c9f134a6') in 0.021865 seconds 
  Import took 0.029024 seconds .

========================================================================
Received Import Request.
  Time since last request: 0.000349 seconds.
  path: Assets/VR Beginner/Models/Fan.fbx
  artifactKey: Guid(8b369e09821adb7478bc5e32e87dfa4f) Importer(815301076,1909f56bfc062723c751e8b465ee728b)
Start importing Assets/VR Beginner/Models/Fan.fbx using Guid(8b369e09821adb7478bc5e32e87dfa4f) Importer(815301076,1909f56bfc062723c751e8b465ee728b)  -> (artifact id: '9c51a269702d5f435f2b245e8d045c48') in 0.043643 seconds 
  Import took 0.050395 seconds .

========================================================================
Received Import Request.
  Time since last request: 0.000382 seconds.
  path: Assets/VR Beginner/Models/Cauldron.fbx
  artifactKey: Guid(1a3240bcf8b6ca44ab94979b7e24cde1) Importer(815301076,1909f56bfc062723c751e8b465ee728b)
Start importing Assets/VR Beginner/Models/Cauldron.fbx using Guid(1a3240bcf8b6ca44ab94979b7e24cde1) Importer(815301076,1909f56bfc062723c751e8b465ee728b)  -> (artifact id: 'a2833893059676fa8a65351d534b99c5') in 0.083804 seconds 
  Import took 0.090828 seconds .

========================================================================
Received Import Request.
  Time since last request: 0.000387 seconds.
  path: Assets/VR Beginner/Models/InstructionsTelekinesis.FBX
  artifactKey: Guid(d8d2436aa271b3041b49e63c4b92691b) Importer(815301076,1909f56bfc062723c751e8b465ee728b)
Start importing Assets/VR Beginner/Models/InstructionsTelekinesis.FBX using Guid(d8d2436aa271b3041b49e63c4b92691b) Importer(815301076,1909f56bfc062723c751e8b465ee728b)  -> (artifact id: '6d679ccce746c9ac31834f176be58cbd') in 0.025086 seconds 
  Import took 0.031416 seconds .

========================================================================
Received Import Request.
  Time since last request: 0.000288 seconds.
  path: Assets/VR Beginner/Models/InstructionsPopPotions.fbx
  artifactKey: Guid(c6c32db9522e21549a28c00d9477df25) Importer(815301076,1909f56bfc062723c751e8b465ee728b)
Start importing Assets/VR Beginner/Models/InstructionsPopPotions.fbx using Guid(c6c32db9522e21549a28c00d9477df25) Importer(815301076,1909f56bfc062723c751e8b465ee728b)  -> (artifact id: '054e242114a9e30054b963a36ba21090') in 0.023164 seconds 
  Import took 0.029340 seconds .

========================================================================
Received Import Request.
  Time since last request: 0.000365 seconds.
  path: Assets/VR Beginner/Models/InstructionsShootingWand.fbx
  artifactKey: Guid(7413fc233ac77474b800b213c507aaa7) Importer(815301076,1909f56bfc062723c751e8b465ee728b)
Start importing Assets/VR Beginner/Models/InstructionsShootingWand.fbx using Guid(7413fc233ac77474b800b213c507aaa7) Importer(815301076,1909f56bfc062723c751e8b465ee728b)  -> (artifact id: '1c87d36b0dcab279284d8e9c13088773') in 0.038097 seconds 
  Import took 0.045193 seconds .

========================================================================
Received Import Request.
  Time since last request: 0.000290 seconds.
  path: Assets/VR Beginner/Models/Planet.fbx
  artifactKey: Guid(75b3959ca5a95d54fb8c21ae4fa542a9) Importer(815301076,1909f56bfc062723c751e8b465ee728b)
Start importing Assets/VR Beginner/Models/Planet.fbx using Guid(75b3959ca5a95d54fb8c21ae4fa542a9) Importer(815301076,1909f56bfc062723c751e8b465ee728b)  -> (artifact id: 'bebb6850d48ce9886f216a72fd7daeff') in 0.026673 seconds 
  Import took 0.033859 seconds .

========================================================================
Received Import Request.
  Time since last request: 0.000313 seconds.
  path: Assets/VR Beginner/Models/BookOfSpells.fbx
  artifactKey: Guid(c0658d00c20d19d46ba322f21394d830) Importer(815301076,1909f56bfc062723c751e8b465ee728b)
Start importing Assets/VR Beginner/Models/BookOfSpells.fbx using Guid(c0658d00c20d19d46ba322f21394d830) Importer(815301076,1909f56bfc062723c751e8b465ee728b)  -> (artifact id: 'ebe28a7442c253ada4b6ad58844d8f96') in 0.032333 seconds 
  Import took 0.039455 seconds .

========================================================================
Received Import Request.
  Time since last request: 0.000369 seconds.
  path: Assets/VR Beginner/Models/PotionBottle2.FBX
  artifactKey: Guid(6ba54a1627a566744b4e94ee90aa14b4) Importer(815301076,1909f56bfc062723c751e8b465ee728b)
Start importing Assets/VR Beginner/Models/PotionBottle2.FBX using Guid(6ba54a1627a566744b4e94ee90aa14b4) Importer(815301076,1909f56bfc062723c751e8b465ee728b)  -> (artifact id: '6e0adc7c224b896a67cd091401c0276b') in 0.054682 seconds 
  Import took 0.062193 seconds .

========================================================================
Received Import Request.
  Time since last request: 0.000374 seconds.
  path: Assets/VR Beginner/Models/Lantern.FBX
  artifactKey: Guid(0e429b6db5811e348b367b6781fdf0aa) Importer(815301076,1909f56bfc062723c751e8b465ee728b)
Start importing Assets/VR Beginner/Models/Lantern.FBX using Guid(0e429b6db5811e348b367b6781fdf0aa) Importer(815301076,1909f56bfc062723c751e8b465ee728b)  -> (artifact id: '7d1b4fd9276e5fed6da880f1c0df7111') in 0.039129 seconds 
  Import took 0.046125 seconds .

========================================================================
Received Import Request.
  Time since last request: 0.000384 seconds.
  path: Assets/VR Beginner/Models/Flashlight.FBX
  artifactKey: Guid(f13e65634bd5b3749b0ee3c8ab27b8f4) Importer(815301076,1909f56bfc062723c751e8b465ee728b)
Start importing Assets/VR Beginner/Models/Flashlight.FBX using Guid(f13e65634bd5b3749b0ee3c8ab27b8f4) Importer(815301076,1909f56bfc062723c751e8b465ee728b)  -> (artifact id: '05c81b85586b4fb0e71958bf228dbb60') in 0.048703 seconds 
  Import took 0.056284 seconds .

========================================================================
Received Import Request.
  Time since last request: 0.000411 seconds.
  path: Assets/VR Beginner/Models/MeatSlice.FBX
  artifactKey: Guid(4b244d23936834d418f18b8cf6c67556) Importer(815301076,1909f56bfc062723c751e8b465ee728b)
Start importing Assets/VR Beginner/Models/MeatSlice.FBX using Guid(4b244d23936834d418f18b8cf6c67556) Importer(815301076,1909f56bfc062723c751e8b465ee728b)  -> (artifact id: '6476970da8c21d907daac6ad1b3e52a3') in 0.022864 seconds 
  Import took 0.030158 seconds .

========================================================================
Received Import Request.
  Time since last request: 0.000419 seconds.
  path: Assets/VR Beginner/Models/PotionBottleBroken1.FBX
  artifactKey: Guid(aa92cc555032b1b4aa578cc3c0eb0bf5) Importer(815301076,1909f56bfc062723c751e8b465ee728b)
Start importing Assets/VR Beginner/Models/PotionBottleBroken1.FBX using Guid(aa92cc555032b1b4aa578cc3c0eb0bf5) Importer(815301076,1909f56bfc062723c751e8b465ee728b)  -> (artifact id: '5526b7c78ec445cce292c9006a587aeb') in 0.149504 seconds 
  Import took 0.156994 seconds .

========================================================================
Received Import Request.
  Time since last request: 0.000417 seconds.
  path: Assets/VR Beginner/Models/WoodenFloor.fbx
  artifactKey: Guid(4da5b88d86a450343bc00d7998c9a423) Importer(815301076,1909f56bfc062723c751e8b465ee728b)
Start importing Assets/VR Beginner/Models/WoodenFloor.fbx using Guid(4da5b88d86a450343bc00d7998c9a423) Importer(815301076,1909f56bfc062723c751e8b465ee728b)  -> (artifact id: '313289e36ad1dc7df7c478a1188d96af') in 0.024647 seconds 
  Import took 0.031582 seconds .

========================================================================
Received Import Request.
  Time since last request: 0.000488 seconds.
  path: Assets/VR Beginner/Models/Kitchen.fbx
  artifactKey: Guid(1f026c8edc86aa44db691d75a4b28e21) Importer(815301076,1909f56bfc062723c751e8b465ee728b)
Start importing Assets/VR Beginner/Models/Kitchen.fbx using Guid(1f026c8edc86aa44db691d75a4b28e21) Importer(815301076,1909f56bfc062723c751e8b465ee728b)  -> (artifact id: 'ccfd0cf27a8c7e30926263c7f6922f11') in 0.040979 seconds 
  Import took 0.048909 seconds .

========================================================================
Received Import Request.
  Time since last request: 0.000385 seconds.
  path: Assets/VR Beginner/Models/BookBrown.fbx
  artifactKey: Guid(69d25300cfe0ff34cab94eabf22210ea) Importer(815301076,1909f56bfc062723c751e8b465ee728b)
Start importing Assets/VR Beginner/Models/BookBrown.fbx using Guid(69d25300cfe0ff34cab94eabf22210ea) Importer(815301076,1909f56bfc062723c751e8b465ee728b)  -> (artifact id: 'b2934bc8cca476351187fcc8ef076117') in 0.023658 seconds 
  Import took 0.031539 seconds .

========================================================================
Received Import Request.
  Time since last request: 0.000344 seconds.
  path: Assets/VR Beginner/Models/ExitDoorLock.fbx
  artifactKey: Guid(8ea4b39c0a3dadf4a83b18bb42e5d3fd) Importer(815301076,1909f56bfc062723c751e8b465ee728b)
Start importing Assets/VR Beginner/Models/ExitDoorLock.fbx using Guid(8ea4b39c0a3dadf4a83b18bb42e5d3fd) Importer(815301076,1909f56bfc062723c751e8b465ee728b)  -> (artifact id: 'c79ba65b3f66eb49e5ac7a6685180d78') in 0.030999 seconds 
  Import took 0.037464 seconds .

========================================================================
Received Import Request.
  Time since last request: 0.000337 seconds.
  path: Assets/VR Beginner/Models/FireBoy.fbx
  artifactKey: Guid(c7be5e3d1b69f3b4a8853a4daec7d5d2) Importer(815301076,1909f56bfc062723c751e8b465ee728b)
Start importing Assets/VR Beginner/Models/FireBoy.fbx using Guid(c7be5e3d1b69f3b4a8853a4daec7d5d2) Importer(815301076,1909f56bfc062723c751e8b465ee728b)  -> (artifact id: '4536e3af9714723a2fdd575aaa32dbde') in 0.530110 seconds 
  Import took 0.537443 seconds .

========================================================================
Received Import Request.
  Time since last request: 0.000343 seconds.
  path: Assets/VR Beginner/Models/RemoteController.fbx
  artifactKey: Guid(305bb086ba1c9e344ae0c20ec60eab1e) Importer(815301076,1909f56bfc062723c751e8b465ee728b)
Start importing Assets/VR Beginner/Models/RemoteController.fbx using Guid(305bb086ba1c9e344ae0c20ec60eab1e) Importer(815301076,1909f56bfc062723c751e8b465ee728b)  -> (artifact id: '02c4aabb0483d963a8fbe40328886a3b') in 0.057179 seconds 
  Import took 0.063709 seconds .

========================================================================
Received Import Request.
  Time since last request: 0.000288 seconds.
  path: Assets/VR Beginner/Models/CaudronFlush.fbx
  artifactKey: Guid(825f6c1d307a67b41822de80e3aa4f80) Importer(815301076,1909f56bfc062723c751e8b465ee728b)
Start importing Assets/VR Beginner/Models/CaudronFlush.fbx using Guid(825f6c1d307a67b41822de80e3aa4f80) Importer(815301076,1909f56bfc062723c751e8b465ee728b)  -> (artifact id: '5e827d6d343f0fae29f029bf7b26dbc8') in 0.031580 seconds 
  Import took 0.038185 seconds .

========================================================================
Received Import Request.
  Time since last request: 0.000366 seconds.
  path: Assets/VR Beginner/Models/Desk.fbx
  artifactKey: Guid(3f6b53ff11f455d4f920d187cb688cbe) Importer(815301076,1909f56bfc062723c751e8b465ee728b)
Start importing Assets/VR Beginner/Models/Desk.fbx using Guid(3f6b53ff11f455d4f920d187cb688cbe) Importer(815301076,1909f56bfc062723c751e8b465ee728b)  -> (artifact id: 'cb2fd4336c60f70d798843a0b1e3e3ef') in 0.159982 seconds 
  Import took 0.167031 seconds .

========================================================================
Received Import Request.
  Time since last request: 0.000385 seconds.
  path: Assets/VR Beginner/Models/PotionBottle2Broken.FBX
  artifactKey: Guid(3130254a08bc60f47ac3d85dd5850226) Importer(815301076,1909f56bfc062723c751e8b465ee728b)
Start importing Assets/VR Beginner/Models/PotionBottle2Broken.FBX using Guid(3130254a08bc60f47ac3d85dd5850226) Importer(815301076,1909f56bfc062723c751e8b465ee728b)  -> (artifact id: '9d488d1ccd9f0022b184d032981e0450') in 0.138967 seconds 
  Import took 0.147159 seconds .

========================================================================
Received Import Request.
  Time since last request: 0.000380 seconds.
  path: Assets/VR Beginner/Models/Fences.fbx
  artifactKey: Guid(78e85f1f603147b4da3fefd6e3c3e5dc) Importer(815301076,1909f56bfc062723c751e8b465ee728b)
Start importing Assets/VR Beginner/Models/Fences.fbx using Guid(78e85f1f603147b4da3fefd6e3c3e5dc) Importer(815301076,1909f56bfc062723c751e8b465ee728b)  -> (artifact id: '3aad590a3b6ab8d3bcf965d604142d54') in 0.294347 seconds 
  Import took 0.301682 seconds .

========================================================================
Received Import Request.
  Time since last request: 0.000345 seconds.
  path: Assets/VR Beginner/Models/Feather.FBX
  artifactKey: Guid(b1a4fecd72cff5f43938365167c80fc5) Importer(815301076,1909f56bfc062723c751e8b465ee728b)
Start importing Assets/VR Beginner/Models/Feather.FBX using Guid(b1a4fecd72cff5f43938365167c80fc5) Importer(815301076,1909f56bfc062723c751e8b465ee728b)  -> (artifact id: 'c2ea220f009335273d8331973e41fcf9') in 0.021651 seconds 
  Import took 0.028323 seconds .

========================================================================
Received Import Request.
  Time since last request: 0.000280 seconds.
  path: Assets/VR Beginner/Models/Key.FBX
  artifactKey: Guid(fb4295e3462ff9648a34f8d626c9e25e) Importer(815301076,1909f56bfc062723c751e8b465ee728b)
Start importing Assets/VR Beginner/Models/Key.FBX using Guid(fb4295e3462ff9648a34f8d626c9e25e) Importer(815301076,1909f56bfc062723c751e8b465ee728b)  -> (artifact id: '36c67c85fb361ce13a732e57f3f45ba1') in 0.024384 seconds 
  Import took 0.030615 seconds .

========================================================================
Received Import Request.
  Time since last request: 0.000391 seconds.
  path: Assets/VR Beginner/Models/Painting1.fbx
  artifactKey: Guid(489bd792c0f500241bfe1dc0e763a5ed) Importer(815301076,1909f56bfc062723c751e8b465ee728b)
Start importing Assets/VR Beginner/Models/Painting1.fbx using Guid(489bd792c0f500241bfe1dc0e763a5ed) Importer(815301076,1909f56bfc062723c751e8b465ee728b)  -> (artifact id: '6c3d8fbeeb94cf10877647090125b3d9') in 0.021894 seconds 
  Import took 0.028677 seconds .

========================================================================
Received Import Request.
  Time since last request: 0.000378 seconds.
  path: Assets/VR Beginner/Models/Scarf.fbx
  artifactKey: Guid(8b5162e08e7f2b64a85fce24dc8e6abf) Importer(815301076,1909f56bfc062723c751e8b465ee728b)
Start importing Assets/VR Beginner/Models/Scarf.fbx using Guid(8b5162e08e7f2b64a85fce24dc8e6abf) Importer(815301076,1909f56bfc062723c751e8b465ee728b)  -> (artifact id: 'f03e670edb932425d160894dcae68054') in 0.022355 seconds 
  Import took 0.029324 seconds .

========================================================================
Received Import Request.
  Time since last request: 0.000349 seconds.
  path: Assets/VR Beginner/Models/Carpet.fbx
  artifactKey: Guid(379d0e8bcb7263044ba0fbca05d6a5df) Importer(815301076,1909f56bfc062723c751e8b465ee728b)
Start importing Assets/VR Beginner/Models/Carpet.fbx using Guid(379d0e8bcb7263044ba0fbca05d6a5df) Importer(815301076,1909f56bfc062723c751e8b465ee728b)  -> (artifact id: '7f74e55a0bb5adf470baf4cd17bed650') in 0.028985 seconds 
  Import took 0.035575 seconds .

========================================================================
Received Import Request.
  Time since last request: 0.000352 seconds.
  path: Assets/VR Beginner/Models/CauldronTarget.fbx
  artifactKey: Guid(d2bcb8a54aa973f41a000a0899fe03f7) Importer(815301076,1909f56bfc062723c751e8b465ee728b)
Start importing Assets/VR Beginner/Models/CauldronTarget.fbx using Guid(d2bcb8a54aa973f41a000a0899fe03f7) Importer(815301076,1909f56bfc062723c751e8b465ee728b)  -> (artifact id: 'af4fcaaf0f853441b3e70dc15cde7582') in 0.021591 seconds 
  Import took 0.027944 seconds .

========================================================================
Received Import Request.
  Time since last request: 0.000396 seconds.
  path: Assets/VR Beginner/Models/Orange.FBX
  artifactKey: Guid(23e334b94017efc478007b94d81f16d5) Importer(815301076,1909f56bfc062723c751e8b465ee728b)
Start importing Assets/VR Beginner/Models/Orange.FBX using Guid(23e334b94017efc478007b94d81f16d5) Importer(815301076,1909f56bfc062723c751e8b465ee728b)  -> (artifact id: 'd6f3031b5ace0c50a8e7478bb50192d4') in 0.021955 seconds 
  Import took 0.028613 seconds .

========================================================================
Received Import Request.
  Time since last request: 0.000348 seconds.
  path: Assets/VR Beginner/Models/LaserPointer.fbx
  artifactKey: Guid(58cf52ef7d0d03f44a9b233637ae3933) Importer(815301076,1909f56bfc062723c751e8b465ee728b)
Start importing Assets/VR Beginner/Models/LaserPointer.fbx using Guid(58cf52ef7d0d03f44a9b233637ae3933) Importer(815301076,1909f56bfc062723c751e8b465ee728b)  -> (artifact id: 'c64101baf8622a893ef91f9e14764c5f') in 0.026039 seconds 
  Import took 0.032484 seconds .

========================================================================
Received Import Request.
  Time since last request: 0.000426 seconds.
  path: Assets/VR Beginner/Models/Pumpking.fbx
  artifactKey: Guid(79c5935e3d3ea504db56922a02205249) Importer(815301076,1909f56bfc062723c751e8b465ee728b)
Start importing Assets/VR Beginner/Models/Pumpking.fbx using Guid(79c5935e3d3ea504db56922a02205249) Importer(815301076,1909f56bfc062723c751e8b465ee728b)  -> (artifact id: '185d1d485c9374f9236a999ae0cabe43') in 0.023215 seconds 
  Import took 0.030076 seconds .

========================================================================
Received Import Request.
  Time since last request: 0.000360 seconds.
  path: Assets/VR Beginner/Models/Painting4.fbx
  artifactKey: Guid(10cb07cb5830e2340a2eed20bf14ffab) Importer(815301076,1909f56bfc062723c751e8b465ee728b)
Start importing Assets/VR Beginner/Models/Painting4.fbx using Guid(10cb07cb5830e2340a2eed20bf14ffab) Importer(815301076,1909f56bfc062723c751e8b465ee728b)  -> (artifact id: '9d33ecf6ec03bc5b7f852b823e894dec') in 0.026839 seconds 
  Import took 0.033518 seconds .

========================================================================
Received Import Request.
  Time since last request: 0.000354 seconds.
  path: Assets/VR Beginner/Models/Kettle.fbx
  artifactKey: Guid(f33334da4bf68b342a6a1aa10918e929) Importer(815301076,1909f56bfc062723c751e8b465ee728b)
Start importing Assets/VR Beginner/Models/Kettle.fbx using Guid(f33334da4bf68b342a6a1aa10918e929) Importer(815301076,1909f56bfc062723c751e8b465ee728b)  -> (artifact id: 'fb5dc667a538a6ca9c792f0ee043c1ad') in 0.027303 seconds 
  Import took 0.034602 seconds .

========================================================================
Received Import Request.
  Time since last request: 0.000309 seconds.
  path: Assets/VR Beginner/Models/Wardrobe.fbx
  artifactKey: Guid(ec79475349af80e449b8d9267e640e9a) Importer(815301076,1909f56bfc062723c751e8b465ee728b)
Start importing Assets/VR Beginner/Models/Wardrobe.fbx using Guid(ec79475349af80e449b8d9267e640e9a) Importer(815301076,1909f56bfc062723c751e8b465ee728b)  -> (artifact id: '21d5f3c39f910a748946e6e6ff15e7ff') in 0.046090 seconds 
  Import took 0.052707 seconds .

========================================================================
Received Import Request.
  Time since last request: 0.000279 seconds.
  path: Assets/VR Beginner/Models/HandWitch.fbx
  artifactKey: Guid(1f5a20cf402ae624e969edbaf519daf6) Importer(815301076,1909f56bfc062723c751e8b465ee728b)
Start importing Assets/VR Beginner/Models/HandWitch.fbx using Guid(1f5a20cf402ae624e969edbaf519daf6) Importer(815301076,1909f56bfc062723c751e8b465ee728b)  -> (artifact id: 'ed75dec4258a7f3d411c9f0adfb7c9ec') in 0.031557 seconds 
  Import took 0.037614 seconds .

========================================================================
Received Import Request.
  Time since last request: 0.000356 seconds.
  path: Assets/VR Beginner/Models/Onion.FBX
  artifactKey: Guid(e30b5a1c26bf93042a901424824f3c73) Importer(815301076,1909f56bfc062723c751e8b465ee728b)
Start importing Assets/VR Beginner/Models/Onion.FBX using Guid(e30b5a1c26bf93042a901424824f3c73) Importer(815301076,1909f56bfc062723c751e8b465ee728b)  -> (artifact id: '727a51147d9b75e2c820caf84aeeba43') in 0.022436 seconds 
  Import took 0.029132 seconds .

========================================================================
Received Import Request.
  Time since last request: 0.000304 seconds.
  path: Assets/VR Beginner/Models/BubbleGun.fbx
  artifactKey: Guid(fd989c9d3f308ff44b5ab51b5df38c21) Importer(815301076,1909f56bfc062723c751e8b465ee728b)
Start importing Assets/VR Beginner/Models/BubbleGun.fbx using Guid(fd989c9d3f308ff44b5ab51b5df38c21) Importer(815301076,1909f56bfc062723c751e8b465ee728b)  -> (artifact id: '2b29bc91483e4c44263d1f15b658b263') in 0.028222 seconds 
  Import took 0.034350 seconds .

========================================================================
Received Import Request.
  Time since last request: 0.000333 seconds.
  path: Assets/VR Beginner/Models/DimmerSwitch.fbx
  artifactKey: Guid(5cd98cc681589d64f8699cba6b9adde2) Importer(815301076,1909f56bfc062723c751e8b465ee728b)
Start importing Assets/VR Beginner/Models/DimmerSwitch.fbx using Guid(5cd98cc681589d64f8699cba6b9adde2) Importer(815301076,1909f56bfc062723c751e8b465ee728b)  -> (artifact id: '01444b2b377e7bf7986a473a92e15f21') in 0.042951 seconds 
  Import took 0.048914 seconds .

========================================================================
Received Import Request.
  Time since last request: 0.000296 seconds.
  path: Assets/VR Beginner/Models/FuseObject.FBX
  artifactKey: Guid(e823a873e63743c4894c28c0a891f016) Importer(815301076,1909f56bfc062723c751e8b465ee728b)
Start importing Assets/VR Beginner/Models/FuseObject.FBX using Guid(e823a873e63743c4894c28c0a891f016) Importer(815301076,1909f56bfc062723c751e8b465ee728b)  -> (artifact id: '728af896e58979bf6fd7429af9480e66') in 0.025098 seconds 
  Import took 0.031196 seconds .

========================================================================
Received Import Request.
  Time since last request: 0.000409 seconds.
  path: Assets/VR Beginner/Models/Toothbrush.FBX
  artifactKey: Guid(92357002a1d43be4aa3c0b31adfa89fe) Importer(815301076,1909f56bfc062723c751e8b465ee728b)
Start importing Assets/VR Beginner/Models/Toothbrush.FBX using Guid(92357002a1d43be4aa3c0b31adfa89fe) Importer(815301076,1909f56bfc062723c751e8b465ee728b)  -> (artifact id: '54e6d28aa2fe6bf5eadea53e1d56df1f') in 0.027365 seconds 
  Import took 0.034454 seconds .

========================================================================
Received Import Request.
  Time since last request: 0.000364 seconds.
  path: Assets/VR Beginner/Models/OutdoorShack.fbx
  artifactKey: Guid(2b9378a5444ba4248a76a880faefbf2e) Importer(815301076,1909f56bfc062723c751e8b465ee728b)
Start importing Assets/VR Beginner/Models/OutdoorShack.fbx using Guid(2b9378a5444ba4248a76a880faefbf2e) Importer(815301076,1909f56bfc062723c751e8b465ee728b)  -> (artifact id: 'f712f3a50302daaf8fbe8331e80428eb') in 0.031220 seconds 
  Import took 0.038950 seconds .

========================================================================
Received Import Request.
  Time since last request: 8.752384 seconds.
  path: Assets/LSwordHaptics.cs
  artifactKey: Guid(b2bdc6d8a9188244bb9eb021184bac3b) Importer(815301076,1909f56bfc062723c751e8b465ee728b)
Start importing Assets/LSwordHaptics.cs using Guid(b2bdc6d8a9188244bb9eb021184bac3b) Importer(815301076,1909f56bfc062723c751e8b465ee728b)  -> (artifact id: '4da2f272d58ce2dd6614a93edfbeb4b4') in 0.004253 seconds 
  Import took 0.010928 seconds .

========================================================================
Received Prepare
Registering precompiled user dll's ...
Registered in 0.060125 seconds.
Begin MonoManager ReloadAssembly
Native extension for WindowsStandalone target not found
Native extension for WebGL target not found
Refreshing native plugins compatible for Editor in 1.24 ms, found 10 plugins.
Preloading 1 native plugins for Editor in 0.11 ms.
System.Reflection.TargetInvocationException: Exception has been thrown by the target of an invocation. ---> System.NullReferenceException: Object reference not set to an instance of an object
  at Unity.XR.Oculus.OculusLoader.AssetPathToAbsolutePath (System.String assetPath) [0x00048] in C:\Users\Davin\The Haptic Dojo\Library\PackageCache\com.unity.xr.oculus@1.10.0\Runtime\OculusLoader.cs:250 
  at Unity.XR.Oculus.OculusLoader.EditorLoadOVRPlugin () [0x0007b] in C:\Users\Davin\The Haptic Dojo\Library\PackageCache\com.unity.xr.oculus@1.10.0\Runtime\OculusLoader.cs:235 
  at (wrapper managed-to-native) System.Reflection.MonoMethod.InternalInvoke(System.Reflection.MonoMethod,object,object[],System.Exception&)
  at System.Reflection.MonoMethod.Invoke (System.Object obj, System.Reflection.BindingFlags invokeAttr, System.Reflection.Binder binder, System.Object[] parameters, System.Globalization.CultureInfo culture) [0x00032] in <695d1cc93cca45069c528c15c9fdd749>:0 
   --- End of inner exception stack trace ---
  at System.Reflection.MonoMethod.Invoke (System.Object obj, System.Reflection.BindingFlags invokeAttr, System.Reflection.Binder binder, System.Object[] parameters, System.Globalization.CultureInfo culture) [0x00048] in <695d1cc93cca45069c528c15c9fdd749>:0 
  at System.Reflection.MethodBase.Invoke (System.Object obj, System.Object[] parameters) [0x00000] in <695d1cc93cca45069c528c15c9fdd749>:0 
  at UnityEditor.EditorAssemblies.ProcessInitializeOnLoadMethodAttributes () [0x00047] in <7ebb9dc74040436998557fc331a964ba>:0 
UnityEngine.StackTraceUtility:ExtractStackTrace ()
UnityEngine.DebugLogHandler:LogFormat (UnityEngine.LogType,UnityEngine.Object,string,object[])
UnityEngine.Logger:Log (UnityEngine.LogType,object)
UnityEngine.Debug:LogError (object)
UnityEditor.EditorAssemblies:ProcessInitializeOnLoadMethodAttributes ()

Mono: successfully reloaded assembly
- Completed reload, in  1.269 seconds
Domain Reload Profiling:
	ReloadAssembly (1270ms)
		BeginReloadAssembly (179ms)
			ExecutionOrderSort (0ms)
			DisableScriptedObjects (5ms)
			BackupInstance (0ms)
			ReleaseScriptingObjects (0ms)
			CreateAndSetChildDomain (41ms)
		EndReloadAssembly (1029ms)
			LoadAssemblies (164ms)
			RebuildTransferFunctionScriptingTraits (0ms)
			SetupTypeCache (342ms)
			ReleaseScriptCaches (2ms)
			RebuildScriptCaches (59ms)
			SetupLoadedEditorAssemblies (360ms)
				LogAssemblyErrors (0ms)
				InitializePlatformSupportModulesInManaged (4ms)
				SetLoadedEditorAssemblies (0ms)
				RefreshPlugins (1ms)
				BeforeProcessingInitializeOnLoad (83ms)
				ProcessInitializeOnLoadAttributes (243ms)
				ProcessInitializeOnLoadMethodAttributes (18ms)
				AfterProcessingInitializeOnLoad (10ms)
				EditorAssembliesLoaded (0ms)
			ExecutionOrderSort2 (0ms)
			AwakeInstancesAfterBackupRestoration (13ms)
Platform modules already initialized, skipping
Refreshing native plugins compatible for Editor in 1.50 ms, found 10 plugins.
Preloading 1 native plugins for Editor in 0.25 ms.
Unloading 4127 Unused Serialized files (Serialized files now loaded: 0)
System memory in use before: 192.1 MB.
System memory in use after: 192.4 MB.

Unloading 32 unused Assets to reduce memory usage. Loaded Objects now: 4769.
Total: 3.721300 ms (FindLiveObjects: 0.422900 ms CreateObjectMapping: 0.107700 ms MarkObjects: 3.158900 ms  DeleteObjects: 0.031000 ms)

AssetImportParameters requested are different than current active one (requested -> active):
  custom:framework-win-MediaFoundation: 216162199b28c13a410421893ffa2e32 -> 
  custom:video-decoder-ogg-theora: a1e56fd34408186e4bbccfd4996cb3dc -> 
  custom:container-muxer-webm: aa71ff27fc2769a1b78a27578f13a17b -> 
  custom:container-demuxer-webm: 4f35f7cbe854078d1ac9338744f61a02 -> 
  custom:container-demuxer-ogg: 62fdf1f143b41e24485cea50d1cbac27 -> 
  custom:video-encoder-webm-vp8: eb34c28f22e8b96e1ab97ce403110664 -> 
  custom:video-decoder-webm-vp8: 9c59270c3fd7afecdb556c50c9e8de78 -> 
  custom:audio-decoder-ogg-vorbis: bf7c407c2cedff20999df2af8eb42d56 -> 
  custom:audio-encoder-webm-vorbis: bf7c407c2cedff20999df2af8eb42d56 -> 
========================================================================
Received Prepare
Registering precompiled user dll's ...
Registered in 0.016712 seconds.
Begin MonoManager ReloadAssembly
Native extension for WindowsStandalone target not found
Native extension for WebGL target not found
Refreshing native plugins compatible for Editor in 1.39 ms, found 10 plugins.
Preloading 1 native plugins for Editor in 0.16 ms.
System.Reflection.TargetInvocationException: Exception has been thrown by the target of an invocation. ---> System.NullReferenceException: Object reference not set to an instance of an object
  at Unity.XR.Oculus.OculusLoader.AssetPathToAbsolutePath (System.String assetPath) [0x00048] in C:\Users\Davin\The Haptic Dojo\Library\PackageCache\com.unity.xr.oculus@1.10.0\Runtime\OculusLoader.cs:250 
  at Unity.XR.Oculus.OculusLoader.EditorLoadOVRPlugin () [0x0007b] in C:\Users\Davin\The Haptic Dojo\Library\PackageCache\com.unity.xr.oculus@1.10.0\Runtime\OculusLoader.cs:235 
  at (wrapper managed-to-native) System.Reflection.MonoMethod.InternalInvoke(System.Reflection.MonoMethod,object,object[],System.Exception&)
  at System.Reflection.MonoMethod.Invoke (System.Object obj, System.Reflection.BindingFlags invokeAttr, System.Reflection.Binder binder, System.Object[] parameters, System.Globalization.CultureInfo culture) [0x00032] in <695d1cc93cca45069c528c15c9fdd749>:0 
   --- End of inner exception stack trace ---
  at System.Reflection.MonoMethod.Invoke (System.Object obj, System.Reflection.BindingFlags invokeAttr, System.Reflection.Binder binder, System.Object[] parameters, System.Globalization.CultureInfo culture) [0x00048] in <695d1cc93cca45069c528c15c9fdd749>:0 
  at System.Reflection.MethodBase.Invoke (System.Object obj, System.Object[] parameters) [0x00000] in <695d1cc93cca45069c528c15c9fdd749>:0 
  at UnityEditor.EditorAssemblies.ProcessInitializeOnLoadMethodAttributes () [0x00047] in <7ebb9dc74040436998557fc331a964ba>:0 
UnityEngine.StackTraceUtility:ExtractStackTrace ()
UnityEngine.DebugLogHandler:LogFormat (UnityEngine.LogType,UnityEngine.Object,string,object[])
UnityEngine.Logger:Log (UnityEngine.LogType,object)
UnityEngine.Debug:LogError (object)
UnityEditor.EditorAssemblies:ProcessInitializeOnLoadMethodAttributes ()

Mono: successfully reloaded assembly
- Completed reload, in  1.283 seconds
Domain Reload Profiling:
	ReloadAssembly (1284ms)
		BeginReloadAssembly (154ms)
			ExecutionOrderSort (0ms)
			DisableScriptedObjects (5ms)
			BackupInstance (0ms)
			ReleaseScriptingObjects (0ms)
			CreateAndSetChildDomain (42ms)
		EndReloadAssembly (1064ms)
			LoadAssemblies (149ms)
			RebuildTransferFunctionScriptingTraits (0ms)
			SetupTypeCache (339ms)
			ReleaseScriptCaches (2ms)
			RebuildScriptCaches (60ms)
			SetupLoadedEditorAssemblies (392ms)
				LogAssemblyErrors (0ms)
				InitializePlatformSupportModulesInManaged (5ms)
				SetLoadedEditorAssemblies (0ms)
				RefreshPlugins (2ms)
				BeforeProcessingInitializeOnLoad (86ms)
				ProcessInitializeOnLoadAttributes (268ms)
				ProcessInitializeOnLoadMethodAttributes (21ms)
				AfterProcessingInitializeOnLoad (10ms)
				EditorAssembliesLoaded (0ms)
			ExecutionOrderSort2 (0ms)
			AwakeInstancesAfterBackupRestoration (15ms)
Platform modules already initialized, skipping
Refreshing native plugins compatible for Editor in 1.45 ms, found 10 plugins.
Preloading 1 native plugins for Editor in 0.15 ms.
Unloading 4122 Unused Serialized files (Serialized files now loaded: 0)
System memory in use before: 191.6 MB.
System memory in use after: 191.8 MB.

Unloading 32 unused Assets to reduce memory usage. Loaded Objects now: 4772.
Total: 4.964800 ms (FindLiveObjects: 0.512100 ms CreateObjectMapping: 0.152500 ms MarkObjects: 4.240600 ms  DeleteObjects: 0.058400 ms)

AssetImportParameters requested are different than current active one (requested -> active):
  custom:framework-win-MediaFoundation: 216162199b28c13a410421893ffa2e32 -> 
  custom:video-decoder-ogg-theora: a1e56fd34408186e4bbccfd4996cb3dc -> 
  custom:container-muxer-webm: aa71ff27fc2769a1b78a27578f13a17b -> 
  custom:container-demuxer-webm: 4f35f7cbe854078d1ac9338744f61a02 -> 
  custom:container-demuxer-ogg: 62fdf1f143b41e24485cea50d1cbac27 -> 
  custom:video-encoder-webm-vp8: eb34c28f22e8b96e1ab97ce403110664 -> 
  custom:video-decoder-webm-vp8: 9c59270c3fd7afecdb556c50c9e8de78 -> 
  custom:audio-decoder-ogg-vorbis: bf7c407c2cedff20999df2af8eb42d56 -> 
  custom:audio-encoder-webm-vorbis: bf7c407c2cedff20999df2af8eb42d56 -> 
========================================================================
Received Prepare
Registering precompiled user dll's ...
Registered in 0.014961 seconds.
Begin MonoManager ReloadAssembly
Native extension for WindowsStandalone target not found
Native extension for WebGL target not found
Refreshing native plugins compatible for Editor in 1.51 ms, found 10 plugins.
Preloading 1 native plugins for Editor in 0.18 ms.
System.Reflection.TargetInvocationException: Exception has been thrown by the target of an invocation. ---> System.NullReferenceException: Object reference not set to an instance of an object
  at Unity.XR.Oculus.OculusLoader.AssetPathToAbsolutePath (System.String assetPath) [0x00048] in C:\Users\Davin\The Haptic Dojo\Library\PackageCache\com.unity.xr.oculus@1.10.0\Runtime\OculusLoader.cs:250 
  at Unity.XR.Oculus.OculusLoader.EditorLoadOVRPlugin () [0x0007b] in C:\Users\Davin\The Haptic Dojo\Library\PackageCache\com.unity.xr.oculus@1.10.0\Runtime\OculusLoader.cs:235 
  at (wrapper managed-to-native) System.Reflection.MonoMethod.InternalInvoke(System.Reflection.MonoMethod,object,object[],System.Exception&)
  at System.Reflection.MonoMethod.Invoke (System.Object obj, System.Reflection.BindingFlags invokeAttr, System.Reflection.Binder binder, System.Object[] parameters, System.Globalization.CultureInfo culture) [0x00032] in <695d1cc93cca45069c528c15c9fdd749>:0 
   --- End of inner exception stack trace ---
  at System.Reflection.MonoMethod.Invoke (System.Object obj, System.Reflection.BindingFlags invokeAttr, System.Reflection.Binder binder, System.Object[] parameters, System.Globalization.CultureInfo culture) [0x00048] in <695d1cc93cca45069c528c15c9fdd749>:0 
  at System.Reflection.MethodBase.Invoke (System.Object obj, System.Object[] parameters) [0x00000] in <695d1cc93cca45069c528c15c9fdd749>:0 
  at UnityEditor.EditorAssemblies.ProcessInitializeOnLoadMethodAttributes () [0x00047] in <7ebb9dc74040436998557fc331a964ba>:0 
UnityEngine.StackTraceUtility:ExtractStackTrace ()
UnityEngine.DebugLogHandler:LogFormat (UnityEngine.LogType,UnityEngine.Object,string,object[])
UnityEngine.Logger:Log (UnityEngine.LogType,object)
UnityEngine.Debug:LogError (object)
UnityEditor.EditorAssemblies:ProcessInitializeOnLoadMethodAttributes ()

Mono: successfully reloaded assembly
- Completed reload, in  1.330 seconds
Domain Reload Profiling:
	ReloadAssembly (1330ms)
		BeginReloadAssembly (165ms)
			ExecutionOrderSort (0ms)
			DisableScriptedObjects (4ms)
			BackupInstance (0ms)
			ReleaseScriptingObjects (0ms)
			CreateAndSetChildDomain (44ms)
		EndReloadAssembly (1092ms)
			LoadAssemblies (170ms)
			RebuildTransferFunctionScriptingTraits (0ms)
			SetupTypeCache (355ms)
			ReleaseScriptCaches (2ms)
			RebuildScriptCaches (60ms)
			SetupLoadedEditorAssemblies (381ms)
				LogAssemblyErrors (0ms)
				InitializePlatformSupportModulesInManaged (5ms)
				SetLoadedEditorAssemblies (0ms)
				RefreshPlugins (2ms)
				BeforeProcessingInitializeOnLoad (88ms)
				ProcessInitializeOnLoadAttributes (253ms)
				ProcessInitializeOnLoadMethodAttributes (21ms)
				AfterProcessingInitializeOnLoad (12ms)
				EditorAssembliesLoaded (0ms)
			ExecutionOrderSort2 (0ms)
			AwakeInstancesAfterBackupRestoration (15ms)
Platform modules already initialized, skipping
Refreshing native plugins compatible for Editor in 1.78 ms, found 10 plugins.
Preloading 1 native plugins for Editor in 0.13 ms.
Unloading 4122 Unused Serialized files (Serialized files now loaded: 0)
System memory in use before: 191.6 MB.
System memory in use after: 191.9 MB.

Unloading 32 unused Assets to reduce memory usage. Loaded Objects now: 4775.
Total: 4.170200 ms (FindLiveObjects: 0.463100 ms CreateObjectMapping: 0.107000 ms MarkObjects: 3.555300 ms  DeleteObjects: 0.043300 ms)

AssetImportParameters requested are different than current active one (requested -> active):
  custom:framework-win-MediaFoundation: 216162199b28c13a410421893ffa2e32 -> 
  custom:video-decoder-ogg-theora: a1e56fd34408186e4bbccfd4996cb3dc -> 
  custom:container-muxer-webm: aa71ff27fc2769a1b78a27578f13a17b -> 
  custom:container-demuxer-webm: 4f35f7cbe854078d1ac9338744f61a02 -> 
  custom:container-demuxer-ogg: 62fdf1f143b41e24485cea50d1cbac27 -> 
  custom:video-encoder-webm-vp8: eb34c28f22e8b96e1ab97ce403110664 -> 
  custom:video-decoder-webm-vp8: 9c59270c3fd7afecdb556c50c9e8de78 -> 
  custom:audio-decoder-ogg-vorbis: bf7c407c2cedff20999df2af8eb42d56 -> 
  custom:audio-encoder-webm-vorbis: bf7c407c2cedff20999df2af8eb42d56 -> 
========================================================================
Received Prepare
Registering precompiled user dll's ...
Registered in 0.015355 seconds.
Begin MonoManager ReloadAssembly
Native extension for WindowsStandalone target not found
Native extension for WebGL target not found
Refreshing native plugins compatible for Editor in 1.71 ms, found 10 plugins.
Preloading 1 native plugins for Editor in 0.16 ms.
System.Reflection.TargetInvocationException: Exception has been thrown by the target of an invocation. ---> System.NullReferenceException: Object reference not set to an instance of an object
  at Unity.XR.Oculus.OculusLoader.AssetPathToAbsolutePath (System.String assetPath) [0x00048] in C:\Users\Davin\The Haptic Dojo\Library\PackageCache\com.unity.xr.oculus@1.10.0\Runtime\OculusLoader.cs:250 
  at Unity.XR.Oculus.OculusLoader.EditorLoadOVRPlugin () [0x0007b] in C:\Users\Davin\The Haptic Dojo\Library\PackageCache\com.unity.xr.oculus@1.10.0\Runtime\OculusLoader.cs:235 
  at (wrapper managed-to-native) System.Reflection.MonoMethod.InternalInvoke(System.Reflection.MonoMethod,object,object[],System.Exception&)
  at System.Reflection.MonoMethod.Invoke (System.Object obj, System.Reflection.BindingFlags invokeAttr, System.Reflection.Binder binder, System.Object[] parameters, System.Globalization.CultureInfo culture) [0x00032] in <695d1cc93cca45069c528c15c9fdd749>:0 
   --- End of inner exception stack trace ---
  at System.Reflection.MonoMethod.Invoke (System.Object obj, System.Reflection.BindingFlags invokeAttr, System.Reflection.Binder binder, System.Object[] parameters, System.Globalization.CultureInfo culture) [0x00048] in <695d1cc93cca45069c528c15c9fdd749>:0 
  at System.Reflection.MethodBase.Invoke (System.Object obj, System.Object[] parameters) [0x00000] in <695d1cc93cca45069c528c15c9fdd749>:0 
  at UnityEditor.EditorAssemblies.ProcessInitializeOnLoadMethodAttributes () [0x00047] in <7ebb9dc74040436998557fc331a964ba>:0 
UnityEngine.StackTraceUtility:ExtractStackTrace ()
UnityEngine.DebugLogHandler:LogFormat (UnityEngine.LogType,UnityEngine.Object,string,object[])
UnityEngine.Logger:Log (UnityEngine.LogType,object)
UnityEngine.Debug:LogError (object)
UnityEditor.EditorAssemblies:ProcessInitializeOnLoadMethodAttributes ()

Mono: successfully reloaded assembly
- Completed reload, in  1.267 seconds
Domain Reload Profiling:
	ReloadAssembly (1267ms)
		BeginReloadAssembly (146ms)
			ExecutionOrderSort (0ms)
			DisableScriptedObjects (4ms)
			BackupInstance (0ms)
			ReleaseScriptingObjects (0ms)
			CreateAndSetChildDomain (36ms)
		EndReloadAssembly (1058ms)
			LoadAssemblies (145ms)
			RebuildTransferFunctionScriptingTraits (0ms)
			SetupTypeCache (342ms)
			ReleaseScriptCaches (2ms)
			RebuildScriptCaches (57ms)
			SetupLoadedEditorAssemblies (364ms)
				LogAssemblyErrors (0ms)
				InitializePlatformSupportModulesInManaged (5ms)
				SetLoadedEditorAssemblies (0ms)
				RefreshPlugins (2ms)
				BeforeProcessingInitializeOnLoad (87ms)
				ProcessInitializeOnLoadAttributes (241ms)
				ProcessInitializeOnLoadMethodAttributes (18ms)
				AfterProcessingInitializeOnLoad (10ms)
				EditorAssembliesLoaded (0ms)
			ExecutionOrderSort2 (0ms)
			AwakeInstancesAfterBackupRestoration (14ms)
Platform modules already initialized, skipping
Refreshing native plugins compatible for Editor in 1.29 ms, found 10 plugins.
Preloading 1 native plugins for Editor in 0.10 ms.
Unloading 4122 Unused Serialized files (Serialized files now loaded: 0)
System memory in use before: 191.6 MB.
System memory in use after: 191.9 MB.

Unloading 32 unused Assets to reduce memory usage. Loaded Objects now: 4778.
Total: 4.297800 ms (FindLiveObjects: 0.425100 ms CreateObjectMapping: 0.105400 ms MarkObjects: 3.723600 ms  DeleteObjects: 0.042300 ms)

AssetImportParameters requested are different than current active one (requested -> active):
  custom:framework-win-MediaFoundation: 216162199b28c13a410421893ffa2e32 -> 
  custom:video-decoder-ogg-theora: a1e56fd34408186e4bbccfd4996cb3dc -> 
  custom:container-muxer-webm: aa71ff27fc2769a1b78a27578f13a17b -> 
  custom:container-demuxer-webm: 4f35f7cbe854078d1ac9338744f61a02 -> 
  custom:container-demuxer-ogg: 62fdf1f143b41e24485cea50d1cbac27 -> 
  custom:video-encoder-webm-vp8: eb34c28f22e8b96e1ab97ce403110664 -> 
  custom:video-decoder-webm-vp8: 9c59270c3fd7afecdb556c50c9e8de78 -> 
  custom:audio-decoder-ogg-vorbis: bf7c407c2cedff20999df2af8eb42d56 -> 
  custom:audio-encoder-webm-vorbis: bf7c407c2cedff20999df2af8eb42d56 -> 
AssetImportWorkerClient::OnTransportError - code=2 error=End of file
